[debug] > Exec(early(addDefaultCommands), None, None)
[debug] > Exec(addDefaultCommands, None, None)
[debug] > Exec(early(initialize), None, None)
[debug] > Exec(initialize, None, None)
[debug] > Exec(early(addPluginSbtFile="""C:\Users\nakamura\AppData\Local\Temp\idea.sbt"""), None, None)
[debug] > Exec(addPluginSbtFile="""C:\Users\nakamura\AppData\Local\Temp\idea.sbt""", None, None)
[debug] > Exec(boot, None, None)
[debug] > Exec(writeSbtVersion, None, None)
[debug] > Exec(reload, None, None)
[debug] > Exec(sbtStashOnFailure, None, None)
[debug] > Exec(onFailure loadFailed, None, None)
[debug] > Exec(loadp, None, None)
[info] welcome to sbt 1.8.2 (Oracle Corporation Java 11.0.2)
[debug]       Load.loadUnit: plugins took 391.5924ms
[debug]       Load.loadUnit: defsScala took 1.2923ms
[debug] [Loading] Scanning directory C:\Users\nakamura\.sbt\1.0\plugins
[debug] [Loading] Found non-root projects 
[debug] [Loading] Done in C:\Users\nakamura\.sbt\1.0\plugins, returning: ()
[debug] deducing auto plugins based on known facts Set(Atom(sbt.plugins.CorePlugin)) and clauses Clauses(Clause(Atom(sbt.plugins.JvmPlugin),Set(Atom(sbt.plugins.IvyPlugin)))
[debug] Clause(Atom(sbt.ScriptedPlugin),Set(Atom(sbt.plugins.JvmPlugin)))
[debug] Clause(Atom(sbt.plugins.SbtPlugin),Set(Atom(sbt.ScriptedPlugin)))
[debug] Clause(Atom(sbt.plugins.SemanticdbPlugin),Set(Atom(sbt.plugins.JvmPlugin)))
[debug] Clause(Atom(sbt.plugins.JUnitXmlReportPlugin),Set(Atom(sbt.plugins.JvmPlugin)))
[debug] Clause(Atom(sbt.plugins.MiniDependencyTreePlugin),Set(Atom(sbt.plugins.JvmPlugin)))
[debug] Clause(Atom(sbt.plugins.CorePlugin),Set(Atom(sbt.plugins.IvyPlugin)))
[debug] Clause(Atom(sbt.plugins.IvyPlugin),Set(Atom(sbt.plugins.JvmPlugin)))
[debug] Clause(Atom(sbt.plugins.JvmPlugin),Set(Atom(sbt.plugins.SemanticdbPlugin)))
[debug] Clause(Atom(sbt.plugins.JvmPlugin),Set(Atom(sbt.plugins.JUnitXmlReportPlugin)))
[debug] Clause(Atom(sbt.plugins.CorePlugin),Set(Atom(sbt.plugins.Giter8TemplatePlugin)))
[debug] Clause(Atom(sbt.plugins.JvmPlugin),Set(Atom(sbt.plugins.MiniDependencyTreePlugin))))
[debug]   :: deduced result: Matched(sbt.plugins.CorePlugin,sbt.plugins.Giter8TemplatePlugin,sbt.plugins.IvyPlugin,sbt.plugins.JvmPlugin,sbt.plugins.MiniDependencyTreePlugin,sbt.plugins.JUnitXmlReportPlugin,sbt.plugins.SemanticdbPlugin)
[debug] Plugins.deducer#function took 49.4439 ms
[debug]           Load.resolveProject(global-plugins) took 188.8097ms
[debug]         Load.loadTransitive: finalizeProject(Project(id global-plugins, base: C:\Users\nakamura\.sbt\1.0\plugins, plugins: List(<none>))) took 364.6714ms
[debug] [Loading] Done in C:\Users\nakamura\.sbt\1.0\plugins, returning: (global-plugins)
[debug]       Load.loadUnit: loadedProjectsRaw took 464.8942ms
[debug]       Load.loadUnit: cleanEvalClasses took 0.5452ms
[debug]     Load.loadUnit(file:/C:/Users/nakamura/.sbt/1.0/plugins/, ...) took 890.0877ms
[debug]   Load.apply: load took 1575.0036ms
[debug]   Load.apply: resolveProjects took 23.667ms
[debug]   Load.apply: finalTransforms took 202.2012ms
[debug]   Load.apply: config.delegates took 30.764ms
[debug]   Load.apply: Def.make(settings)... took 1757.7128ms
[debug]   Load.apply: structureIndex took 308.3956ms
[debug]   Load.apply: mkStreams took 3.0936ms
[info] loading global plugins from C:\Users\nakamura\.sbt\1.0\plugins
[debug] Running task... Cancel: Signal, check cycles: false, forcegc: true
[debug] Load.defaultLoad until apply took 7986.2798ms
[debug]                 Load.loadUnit: plugins took 104.4801ms
[debug]                 Load.loadUnit: defsScala took 0.0145ms
[debug] [Loading] Scanning directory C:\Users\nakamura\workspace\leetcode-study\project\project
[debug]                   Load.loadUnit: mkEval took 21.1882ms
[debug] [Loading] Found non-root projects 
[debug] [Loading] Done in C:\Users\nakamura\workspace\leetcode-study\project\project, returning: ()
[debug] deducing auto plugins based on known facts Set(Atom(sbt.plugins.CorePlugin)) and clauses Clauses(Clause(Atom(sbt.plugins.JvmPlugin),Set(Atom(sbt.plugins.IvyPlugin)))
[debug] Clause(Atom(sbt.ScriptedPlugin),Set(Atom(sbt.plugins.JvmPlugin)))
[debug] Clause(Atom(sbt.plugins.SbtPlugin),Set(Atom(sbt.ScriptedPlugin)))
[debug] Clause(Atom(sbt.plugins.SemanticdbPlugin),Set(Atom(sbt.plugins.JvmPlugin)))
[debug] Clause(Atom(sbt.plugins.JUnitXmlReportPlugin),Set(Atom(sbt.plugins.JvmPlugin)))
[debug] Clause(Atom(sbt.plugins.MiniDependencyTreePlugin),Set(Atom(sbt.plugins.JvmPlugin)))
[debug] Clause(Atom(sbt.plugins.CorePlugin),Set(Atom(sbt.plugins.IvyPlugin)))
[debug] Clause(Atom(sbt.plugins.IvyPlugin),Set(Atom(sbt.plugins.JvmPlugin)))
[debug] Clause(Atom(sbt.plugins.JvmPlugin),Set(Atom(sbt.plugins.SemanticdbPlugin)))
[debug] Clause(Atom(sbt.plugins.JvmPlugin),Set(Atom(sbt.plugins.JUnitXmlReportPlugin)))
[debug] Clause(Atom(sbt.plugins.CorePlugin),Set(Atom(sbt.plugins.Giter8TemplatePlugin)))
[debug] Clause(Atom(sbt.plugins.JvmPlugin),Set(Atom(sbt.plugins.MiniDependencyTreePlugin))))
[debug]   :: deduced result: Matched(sbt.plugins.CorePlugin,sbt.plugins.Giter8TemplatePlugin,sbt.plugins.IvyPlugin,sbt.plugins.JvmPlugin,sbt.plugins.MiniDependencyTreePlugin,sbt.plugins.JUnitXmlReportPlugin,sbt.plugins.SemanticdbPlugin)
[debug] Plugins.deducer#function took 3.7341 ms
[info] loading settings for project leetcode-study-build-build from plugin.sbt ...
[debug]                     Load.resolveProject(leetcode-study-build-build) took 10.2811ms
[debug]                   Load.loadTransitive: finalizeProject(Project(id leetcode-study-build-build, base: C:\Users\nakamura\workspace\leetcode-study\project\project, plugins: List(<none>))) took 15.2381ms
[debug] [Loading] Done in C:\Users\nakamura\workspace\leetcode-study\project\project, returning: (leetcode-study-build-build)
[debug]                 Load.loadUnit: loadedProjectsRaw took 175.0032ms
[debug]                 Load.loadUnit: cleanEvalClasses took 0.0372ms
[debug]               Load.loadUnit(file:/C:/Users/nakamura/workspace/leetcode-study/project/project/, ...) took 288.0672ms
[debug]             Load.apply: load took 291.9602ms
[debug]             Load.apply: resolveProjects took 0.2838ms
[debug]             Load.apply: finalTransforms took 39.4439ms
[debug]             Load.apply: config.delegates took 0.6216ms
[debug]             Load.apply: Def.make(settings)... took 258.2058ms
[debug]             Load.apply: structureIndex took 255.0747ms
[debug]             Load.apply: mkStreams took 0.006ms
[info] loading project definition from C:\Users\nakamura\workspace\leetcode-study\project\project
[debug] Running task... Cancel: Signal, check cycles: false, forcegc: true
[debug]           Load.loadUnit: plugins took 1771.7514ms
[debug]           Load.loadUnit: defsScala took 0.0075ms
[debug] [Loading] Scanning directory C:\Users\nakamura\workspace\leetcode-study\project
[debug]             Load.loadUnit: mkEval took 0.9828ms
[debug] [Loading] Found non-root projects 
[debug] [Loading] Done in C:\Users\nakamura\workspace\leetcode-study\project, returning: ()
[debug] deducing auto plugins based on known facts Set(Atom(sbt.plugins.CorePlugin)) and clauses Clauses(Clause(Atom(sbt.plugins.JvmPlugin),Set(Atom(sbt.plugins.IvyPlugin)))
[debug] Clause(Atom(sbt.ScriptedPlugin),Set(Atom(sbt.plugins.JvmPlugin)))
[debug] Clause(Atom(sbt.plugins.SbtPlugin),Set(Atom(sbt.ScriptedPlugin)))
[debug] Clause(Atom(sbt.plugins.SemanticdbPlugin),Set(Atom(sbt.plugins.JvmPlugin)))
[debug] Clause(Atom(sbt.plugins.JUnitXmlReportPlugin),Set(Atom(sbt.plugins.JvmPlugin)))
[debug] Clause(Atom(sbt.plugins.MiniDependencyTreePlugin),Set(Atom(sbt.plugins.JvmPlugin)))
[debug] Clause(Atom(sbt.plugins.CorePlugin),Set(Atom(sbt.plugins.IvyPlugin)))
[debug] Clause(Atom(sbt.plugins.IvyPlugin),Set(Atom(sbt.plugins.JvmPlugin)))
[debug] Clause(Atom(sbt.plugins.JvmPlugin),Set(Atom(sbt.plugins.SemanticdbPlugin)))
[debug] Clause(Atom(sbt.plugins.JvmPlugin),Set(Atom(sbt.plugins.JUnitXmlReportPlugin)))
[debug] Clause(Atom(sbt.plugins.CorePlugin),Set(Atom(sbt.plugins.Giter8TemplatePlugin)))
[debug] Clause(Atom(sbt.plugins.JvmPlugin),Set(Atom(sbt.plugins.MiniDependencyTreePlugin))))
[debug]   :: deduced result: Matched(sbt.plugins.CorePlugin,sbt.plugins.Giter8TemplatePlugin,sbt.plugins.IvyPlugin,sbt.plugins.JvmPlugin,sbt.plugins.MiniDependencyTreePlugin,sbt.plugins.JUnitXmlReportPlugin,sbt.plugins.SemanticdbPlugin)
[debug] Plugins.deducer#function took 3.2749 ms
[info] loading settings for project leetcode-study-build from idea.sbt ...
[debug]               Load.resolveProject(leetcode-study-build) took 6.2957ms
[debug]             Load.loadTransitive: finalizeProject(Project(id leetcode-study-build, base: C:\Users\nakamura\workspace\leetcode-study\project, plugins: List(<none>))) took 10.5251ms
[debug] [Loading] Done in C:\Users\nakamura\workspace\leetcode-study\project, returning: (leetcode-study-build)
[debug]           Load.loadUnit: loadedProjectsRaw took 588.9203ms
[debug]           Load.loadUnit: cleanEvalClasses took 20.9681ms
[debug]         Load.loadUnit(file:/C:/Users/nakamura/workspace/leetcode-study/project/, ...) took 2384.3827ms
[debug]       Load.apply: load took 2391.3776ms
[debug]       Load.apply: resolveProjects took 0.2237ms
[debug]       Load.apply: finalTransforms took 33.7663ms
[debug]       Load.apply: config.delegates took 1.0175ms
[debug]       Load.apply: Def.make(settings)... took 265.3186ms
[debug]       Load.apply: structureIndex took 63.93ms
[debug]       Load.apply: mkStreams took 0.0092ms
[info] loading project definition from C:\Users\nakamura\workspace\leetcode-study\project
[debug] Running task... Cancel: Signal, check cycles: false, forcegc: true
[warn] Unrecognized repository Scala Plugin Bundled Repository, ignoring it
[warn] Unrecognized repository Scala Plugin Bundled Repository, ignoring it
[debug]     Load.loadUnit: plugins took 5848.9189ms
[debug]     Load.loadUnit: defsScala took 0.0086ms
[debug] [Loading] Scanning directory C:\Users\nakamura\workspace\leetcode-study
[debug]       Load.loadUnit: mkEval took 0.8433ms
[debug] [Loading] Found root project root w/ remaining 
[debug] deducing auto plugins based on known facts Set(Atom(sbt.plugins.CorePlugin)) and clauses Clauses(Clause(Atom(sbt.plugins.JvmPlugin),Set(Atom(sbt.plugins.IvyPlugin)))
[debug] Clause(Atom(sbt.ScriptedPlugin),Set(Atom(sbt.plugins.JvmPlugin)))
[debug] Clause(Atom(sbt.plugins.SbtPlugin),Set(Atom(sbt.ScriptedPlugin)))
[debug] Clause(Atom(sbt.plugins.SemanticdbPlugin),Set(Atom(sbt.plugins.JvmPlugin)))
[debug] Clause(Atom(sbt.plugins.JUnitXmlReportPlugin),Set(Atom(sbt.plugins.JvmPlugin)))
[debug] Clause(Atom(sbt.plugins.MiniDependencyTreePlugin),Set(Atom(sbt.plugins.JvmPlugin)))
[debug] Clause(Atom(org.jetbrains.sbt.StructurePlugin),Set(Atom(sbt.plugins.JvmPlugin)))
[debug] Clause(Atom(org.jetbrains.sbt.IdeaShellPlugin),Set(Atom(sbt.plugins.JvmPlugin)))
[debug] Clause(Atom(org.jetbrains.sbt.indices.SbtIntellijIndicesPlugin),Set(Atom(sbt.plugins.JvmPlugin)))
[debug] Clause(Atom(sbt.plugins.CorePlugin),Set(Atom(sbt.plugins.IvyPlugin)))
[debug] Clause(Atom(sbt.plugins.IvyPlugin),Set(Atom(sbt.plugins.JvmPlugin)))
[debug] Clause(Atom(sbt.plugins.JvmPlugin),Set(Atom(sbt.plugins.SemanticdbPlugin)))
[debug] Clause(Atom(sbt.plugins.JvmPlugin),Set(Atom(sbt.plugins.JUnitXmlReportPlugin)))
[debug] Clause(Atom(sbt.plugins.CorePlugin),Set(Atom(sbt.plugins.Giter8TemplatePlugin)))
[debug] Clause(Atom(sbt.plugins.JvmPlugin),Set(Atom(sbt.plugins.MiniDependencyTreePlugin)))
[debug] Clause(Atom(sbt.plugins.JvmPlugin),Set(Atom(org.jetbrains.sbt.StructurePlugin)))
[debug] Clause(Atom(sbt.plugins.JvmPlugin),Set(Atom(org.jetbrains.sbt.IdeaShellPlugin)))
[debug] Clause(And(Set(Atom(sbt.plugins.CorePlugin), Atom(sbt.plugins.JvmPlugin))),Set(Atom(org.jetbrains.sbt.indices.SbtIntellijIndicesPlugin))))
[debug]   :: deduced result: Matched(sbt.plugins.CorePlugin,sbt.plugins.Giter8TemplatePlugin,sbt.plugins.IvyPlugin,sbt.plugins.JvmPlugin,sbt.plugins.SemanticdbPlugin,org.jetbrains.sbt.indices.SbtIntellijIndicesPlugin,sbt.plugins.JUnitXmlReportPlugin,org.jetbrains.sbt.IdeaShellPlugin,org.jetbrains.sbt.StructurePlugin,sbt.plugins.MiniDependencyTreePlugin)
[debug] Plugins.deducer#function took 8.8132 ms
[info] loading settings for project root from build.sbt ...
[debug]         Load.resolveProject(root) took 152.3433ms
[debug]       Load.loadTransitive: finalizeProject(Project(id root, base: C:\Users\nakamura\workspace\leetcode-study, plugins: List(<none>))) took 168.183ms
[debug] [Loading] Done in C:\Users\nakamura\workspace\leetcode-study, returning: (root)
[debug]     Load.loadUnit: loadedProjectsRaw took 9935.6636ms
[debug]     Load.loadUnit: cleanEvalClasses took 40.9488ms
[debug]   Load.loadUnit(file:/C:/Users/nakamura/workspace/leetcode-study/, ...) took 15827.4238ms
[debug] Load.apply: load took 15832.8977ms
[debug] Load.apply: resolveProjects took 0.3204ms
[debug] Load.apply: finalTransforms took 100.4285ms
[debug] Load.apply: config.delegates took 2.9377ms
[debug] Load.apply: Def.make(settings)... took 260.0876ms
[debug] Load.apply: structureIndex took 64.0811ms
[debug] Load.apply: mkStreams took 0.0048ms
[info] set current project to leetcode-study (in build file:/C:/Users/nakamura/workspace/leetcode-study/)
[debug] > Exec(sbtPopOnFailure, None, None)
[debug] > Exec(resumeFromFailure, None, None)
[debug] > Exec(notifyUsersAboutShell, None, None)
[debug] > Exec(iflast shell, None, None)
[debug] > Exec(; set ideaPort in Global := 57166 ; idea-shell, None, None)
[debug] > Exec(set ideaPort in Global := 57166, None, None)
[info] Defining Global / ideaPort
[info] The new value will be used by Compile / compile, Test / compile
[debug] Defining 
[debug] 	Global / ideaPort
[debug] 
[debug] The new value will be used by 
[debug] 	Compile / compile
[debug] 	Test / compile
[info] Reapplying settings...
[info] set current project to leetcode-study (in build file:/C:/Users/nakamura/workspace/leetcode-study/)
[debug] > Exec(idea-shell, None, None)
